[2024-09-03T13:37:22.710308+00:00] main.INFO: {"feed":"undefined","operation":"undefined","status":"Setting mode Update On Schedule for indexer Sales Order Feed","elapsed":"00:00:00 284 ms","pid":"14296","caller":"bin\/magento setup:install --base-url=http:\/\/localhost\/m246\/pub --db-host=localhost --db-name=m246 --db-user=root"} [] []
[2024-09-03T13:37:23.171247+00:00] main.INFO: {"feed":"undefined","operation":"undefined","status":"Setting mode Update On Schedule for indexer Sales Order Statuses Feed","elapsed":"00:00:01 745 ms","pid":"14296","caller":"bin\/magento setup:install --base-url=http:\/\/localhost\/m246\/pub --db-host=localhost --db-name=m246 --db-user=root"} [] []
[2024-09-03T13:37:23.371750+00:00] main.INFO: {"feed":"undefined","operation":"undefined","status":"Setting mode Update On Schedule for indexer Stores Feed","elapsed":"00:00:01 946 ms","pid":"14296","caller":"bin\/magento setup:install --base-url=http:\/\/localhost\/m246\/pub --db-host=localhost --db-name=m246 --db-user=root"} [] []
[2024-09-04T09:47:40.836987+00:00] main.INFO: {"feed":"salesOrders","operation":"full reindex(legacy)","status":"Initialize","elapsed":"00:00:00 417 ms","pid":"10624","caller":"bin\/magento index:reindex"} [] []
[2024-09-04T09:47:41.063996+00:00] main.INFO: {"feed":"salesOrders","operation":"full reindex(legacy)","status":"Creating batch table `sales_data_exporter_orders_index_batches`. Start position: 0","elapsed":"00:00:00 644 ms","pid":"10624","caller":"bin\/magento index:reindex"} [] []
[2024-09-04T09:47:41.122269+00:00] main.INFO: {"feed":"salesOrders","operation":"full reindex(legacy)","status":"Batch table `sales_data_exporter_orders_index_batches` created. Total Items: 0, batches: ~0","elapsed":"00:00:00 703 ms","pid":"10624","caller":"bin\/magento index:reindex"} [] []
[2024-09-04T09:47:41.122935+00:00] main.INFO: {"feed":"salesOrders","operation":"full reindex(legacy)","status":"nothing to process - no items to sync. Not expected? Are there any items in source table `sales_order`?","elapsed":"00:00:00 703 ms","pid":"10624","caller":"bin\/magento index:reindex"} [] []
[2024-09-04T09:47:41.150125+00:00] main.INFO: {"feed":"salesOrders","operation":"full reindex(legacy)","status":"Complete","elapsed":"00:00:01 730 ms","pid":"10624","caller":"bin\/magento index:reindex"} [] []
[2024-09-04T09:47:41.197081+00:00] main.INFO: {"feed":"salesOrderStatuses","operation":"full reindex(legacy)","status":"Initialize","elapsed":"138 ms","pid":"10624","caller":"bin\/magento index:reindex"} [] []
[2024-09-04T09:47:41.355874+00:00] main.INFO: {"feed":"salesOrderStatuses","operation":"full reindex(legacy)","status":"Creating batch table `sales_data_exporter_order_statuses_index_batches`. Start position: ","elapsed":"296 ms","pid":"10624","caller":"bin\/magento index:reindex"} [] []
[2024-09-04T09:47:41.426727+00:00] main.INFO: {"feed":"salesOrderStatuses","operation":"full reindex(legacy)","status":"Batch table `sales_data_exporter_order_statuses_index_batches` created. Total Items: 12, batches: ~0","elapsed":"367 ms","pid":"10624","caller":"bin\/magento index:reindex"} [] []
[2024-09-04T09:47:41.427504+00:00] main.INFO: {"feed":"salesOrderStatuses","operation":"full reindex(legacy)","status":"start processing `12` items in `1` threads with `100` batch size","elapsed":"368 ms","pid":"10624","caller":"bin\/magento index:reindex"} [] []
[2024-09-04T09:47:41.574052+00:00] main.INFO: {"feed":"salesOrderStatuses","operation":"full reindex(legacy)","status":"Progress 1\/1, processed 12, synced 12","elapsed":"514 ms","pid":"10624","caller":"bin\/magento index:reindex"} [] []
[2024-09-04T09:47:41.589890+00:00] main.INFO: {"feed":"salesOrderStatuses","operation":"full reindex(legacy)","status":"Complete","elapsed":"530 ms","pid":"10624","caller":"bin\/magento index:reindex"} [] []
[2024-09-04T09:47:41.628398+00:00] main.INFO: {"feed":"stores","operation":"full reindex(legacy)","status":"Initialize","elapsed":"00:00:00 0 ms","pid":"10624","caller":"bin\/magento index:reindex"} [] []
[2024-09-04T09:47:41.786737+00:00] main.INFO: {"feed":"stores","operation":"full reindex(legacy)","status":"Creating batch table `stores_data_exporter_index_batches`. Start position: 0","elapsed":"00:00:00 159 ms","pid":"10624","caller":"bin\/magento index:reindex"} [] []
[2024-09-04T09:47:41.841661+00:00] main.INFO: {"feed":"stores","operation":"full reindex(legacy)","status":"Batch table `stores_data_exporter_index_batches` created. Total Items: 1, batches: ~0","elapsed":"00:00:00 213 ms","pid":"10624","caller":"bin\/magento index:reindex"} [] []
[2024-09-04T09:47:41.842053+00:00] main.INFO: {"feed":"stores","operation":"full reindex(legacy)","status":"start processing `1` items in `1` threads with `100` batch size","elapsed":"00:00:00 214 ms","pid":"10624","caller":"bin\/magento index:reindex"} [] []
[2024-09-04T09:47:41.893908+00:00] main.INFO: {"feed":"stores","operation":"full reindex(legacy)","status":"Progress 1\/1, processed 1, synced 1","elapsed":"00:00:00 266 ms","pid":"10624","caller":"bin\/magento index:reindex"} [] []
[2024-09-04T09:47:41.900554+00:00] main.INFO: {"feed":"stores","operation":"full reindex(legacy)","status":"Complete","elapsed":"00:00:00 272 ms","pid":"10624","caller":"bin\/magento index:reindex"} [] []
[2024-09-04T11:11:02.020014+00:00] main.INFO: {"feed":"salesOrders","operation":"full reindex(legacy)","status":"Initialize","elapsed":"00:00:00 783 ms","pid":"18472","caller":"bin\/magento setup:upgrade"} [] []
[2024-09-04T11:11:02.190508+00:00] main.INFO: {"feed":"salesOrders","operation":"full reindex(legacy)","status":"Creating batch table `sales_data_exporter_orders_index_batches`. Start position: 0","elapsed":"00:00:01 954 ms","pid":"18472","caller":"bin\/magento setup:upgrade"} [] []
[2024-09-04T11:11:02.247632+00:00] main.INFO: {"feed":"salesOrders","operation":"full reindex(legacy)","status":"Batch table `sales_data_exporter_orders_index_batches` created. Total Items: 2, batches: ~0","elapsed":"00:00:01 11 ms","pid":"18472","caller":"bin\/magento setup:upgrade"} [] []
[2024-09-04T11:11:02.248094+00:00] main.INFO: {"feed":"salesOrders","operation":"full reindex(legacy)","status":"start processing `2` items in `1` threads with `100` batch size","elapsed":"00:00:01 11 ms","pid":"18472","caller":"bin\/magento setup:upgrade"} [] []
[2024-09-04T11:11:02.372729+00:00] main.INFO: {"feed":"salesOrders","operation":"full reindex(legacy)","status":"Progress 1\/1, processed 2, synced 0","elapsed":"00:00:01 136 ms","pid":"18472","caller":"bin\/magento setup:upgrade"} [] []
[2024-09-04T11:11:02.381279+00:00] main.INFO: {"feed":"salesOrders","operation":"full reindex(legacy)","status":"Complete","elapsed":"00:00:01 145 ms","pid":"18472","caller":"bin\/magento setup:upgrade"} [] []
[2024-09-04T11:11:02.416977+00:00] main.INFO: {"feed":"salesOrderStatuses","operation":"full reindex(legacy)","status":"Initialize","elapsed":"577 ms","pid":"18472","caller":"bin\/magento setup:upgrade"} [] []
[2024-09-04T11:11:02.535637+00:00] main.INFO: {"feed":"salesOrderStatuses","operation":"full reindex(legacy)","status":"Creating batch table `sales_data_exporter_order_statuses_index_batches`. Start position: ","elapsed":"696 ms","pid":"18472","caller":"bin\/magento setup:upgrade"} [] []
[2024-09-04T11:11:02.610542+00:00] main.INFO: {"feed":"salesOrderStatuses","operation":"full reindex(legacy)","status":"Batch table `sales_data_exporter_order_statuses_index_batches` created. Total Items: 12, batches: ~0","elapsed":"771 ms","pid":"18472","caller":"bin\/magento setup:upgrade"} [] []
[2024-09-04T11:11:02.611102+00:00] main.INFO: {"feed":"salesOrderStatuses","operation":"full reindex(legacy)","status":"start processing `12` items in `1` threads with `100` batch size","elapsed":"771 ms","pid":"18472","caller":"bin\/magento setup:upgrade"} [] []
[2024-09-04T11:11:02.658396+00:00] main.INFO: {"feed":"salesOrderStatuses","operation":"full reindex(legacy)","status":"Progress 1\/1, processed 12, synced 12","elapsed":"819 ms","pid":"18472","caller":"bin\/magento setup:upgrade"} [] []
[2024-09-04T11:11:02.668543+00:00] main.INFO: {"feed":"salesOrderStatuses","operation":"full reindex(legacy)","status":"Complete","elapsed":"829 ms","pid":"18472","caller":"bin\/magento setup:upgrade"} [] []
[2024-09-04T11:11:02.691597+00:00] main.INFO: {"feed":"stores","operation":"full reindex(legacy)","status":"Initialize","elapsed":"00:00:00 127 ms","pid":"18472","caller":"bin\/magento setup:upgrade"} [] []
[2024-09-04T11:11:02.870762+00:00] main.INFO: {"feed":"stores","operation":"full reindex(legacy)","status":"Creating batch table `stores_data_exporter_index_batches`. Start position: 0","elapsed":"00:00:00 306 ms","pid":"18472","caller":"bin\/magento setup:upgrade"} [] []
[2024-09-04T11:11:03.005361+00:00] main.INFO: {"feed":"stores","operation":"full reindex(legacy)","status":"Batch table `stores_data_exporter_index_batches` created. Total Items: 1, batches: ~0","elapsed":"00:00:00 440 ms","pid":"18472","caller":"bin\/magento setup:upgrade"} [] []
[2024-09-04T11:11:03.005766+00:00] main.INFO: {"feed":"stores","operation":"full reindex(legacy)","status":"start processing `1` items in `1` threads with `100` batch size","elapsed":"00:00:00 441 ms","pid":"18472","caller":"bin\/magento setup:upgrade"} [] []
[2024-09-04T11:11:03.069743+00:00] main.INFO: {"feed":"stores","operation":"full reindex(legacy)","status":"Progress 1\/1, processed 1, synced 1","elapsed":"00:00:00 505 ms","pid":"18472","caller":"bin\/magento setup:upgrade"} [] []
[2024-09-04T11:11:03.085188+00:00] main.INFO: {"feed":"stores","operation":"full reindex(legacy)","status":"Complete","elapsed":"00:00:00 520 ms","pid":"18472","caller":"bin\/magento setup:upgrade"} [] []
[2024-09-04T11:27:22.004691+00:00] main.INFO: {"feed":"salesOrders","operation":"full reindex(legacy)","status":"Initialize","elapsed":"00:00:00 753 ms","pid":"7956","caller":"bin\/magento index:reindex"} [] []
[2024-09-04T11:27:22.204956+00:00] main.INFO: {"feed":"salesOrders","operation":"full reindex(legacy)","status":"Creating batch table `sales_data_exporter_orders_index_batches`. Start position: 0","elapsed":"00:00:01 953 ms","pid":"7956","caller":"bin\/magento index:reindex"} [] []
[2024-09-04T11:27:22.274449+00:00] main.INFO: {"feed":"salesOrders","operation":"full reindex(legacy)","status":"Batch table `sales_data_exporter_orders_index_batches` created. Total Items: 2, batches: ~0","elapsed":"00:00:01 22 ms","pid":"7956","caller":"bin\/magento index:reindex"} [] []
[2024-09-04T11:27:22.274989+00:00] main.INFO: {"feed":"salesOrders","operation":"full reindex(legacy)","status":"start processing `2` items in `1` threads with `100` batch size","elapsed":"00:00:01 23 ms","pid":"7956","caller":"bin\/magento index:reindex"} [] []
[2024-09-04T11:27:22.346589+00:00] main.INFO: {"feed":"salesOrders","operation":"full reindex(legacy)","status":"Progress 1\/1, processed 2, synced 0","elapsed":"00:00:01 95 ms","pid":"7956","caller":"bin\/magento index:reindex"} [] []
[2024-09-04T11:27:22.353085+00:00] main.INFO: {"feed":"salesOrders","operation":"full reindex(legacy)","status":"Complete","elapsed":"00:00:01 101 ms","pid":"7956","caller":"bin\/magento index:reindex"} [] []
[2024-09-04T11:27:22.414542+00:00] main.INFO: {"feed":"salesOrderStatuses","operation":"full reindex(legacy)","status":"Initialize","elapsed":"572 ms","pid":"7956","caller":"bin\/magento index:reindex"} [] []
[2024-09-04T11:27:22.564610+00:00] main.INFO: {"feed":"salesOrderStatuses","operation":"full reindex(legacy)","status":"Creating batch table `sales_data_exporter_order_statuses_index_batches`. Start position: ","elapsed":"723 ms","pid":"7956","caller":"bin\/magento index:reindex"} [] []
[2024-09-04T11:27:22.634318+00:00] main.INFO: {"feed":"salesOrderStatuses","operation":"full reindex(legacy)","status":"Batch table `sales_data_exporter_order_statuses_index_batches` created. Total Items: 12, batches: ~0","elapsed":"792 ms","pid":"7956","caller":"bin\/magento index:reindex"} [] []
[2024-09-04T11:27:22.634796+00:00] main.INFO: {"feed":"salesOrderStatuses","operation":"full reindex(legacy)","status":"start processing `12` items in `1` threads with `100` batch size","elapsed":"793 ms","pid":"7956","caller":"bin\/magento index:reindex"} [] []
[2024-09-04T11:27:22.679603+00:00] main.INFO: {"feed":"salesOrderStatuses","operation":"full reindex(legacy)","status":"Progress 1\/1, processed 12, synced 12","elapsed":"838 ms","pid":"7956","caller":"bin\/magento index:reindex"} [] []
[2024-09-04T11:27:22.685248+00:00] main.INFO: {"feed":"salesOrderStatuses","operation":"full reindex(legacy)","status":"Complete","elapsed":"843 ms","pid":"7956","caller":"bin\/magento index:reindex"} [] []
[2024-09-04T11:27:22.709740+00:00] main.INFO: {"feed":"stores","operation":"full reindex(legacy)","status":"Initialize","elapsed":"00:00:00 163 ms","pid":"7956","caller":"bin\/magento index:reindex"} [] []
[2024-09-04T11:27:22.864818+00:00] main.INFO: {"feed":"stores","operation":"full reindex(legacy)","status":"Creating batch table `stores_data_exporter_index_batches`. Start position: 0","elapsed":"00:00:00 318 ms","pid":"7956","caller":"bin\/magento index:reindex"} [] []
[2024-09-04T11:27:23.005369+00:00] main.INFO: {"feed":"stores","operation":"full reindex(legacy)","status":"Batch table `stores_data_exporter_index_batches` created. Total Items: 1, batches: ~0","elapsed":"00:00:00 458 ms","pid":"7956","caller":"bin\/magento index:reindex"} [] []
[2024-09-04T11:27:23.005763+00:00] main.INFO: {"feed":"stores","operation":"full reindex(legacy)","status":"start processing `1` items in `1` threads with `100` batch size","elapsed":"00:00:00 459 ms","pid":"7956","caller":"bin\/magento index:reindex"} [] []
[2024-09-04T11:27:23.055391+00:00] main.INFO: {"feed":"stores","operation":"full reindex(legacy)","status":"Progress 1\/1, processed 1, synced 1","elapsed":"00:00:00 508 ms","pid":"7956","caller":"bin\/magento index:reindex"} [] []
[2024-09-04T11:27:23.070617+00:00] main.INFO: {"feed":"stores","operation":"full reindex(legacy)","status":"Complete","elapsed":"00:00:00 524 ms","pid":"7956","caller":"bin\/magento index:reindex"} [] []
[2024-09-04T11:35:24.338421+00:00] main.INFO: {"feed":"salesOrders","operation":"full reindex(legacy)","status":"Initialize","elapsed":"420 ms","pid":"7964","caller":"bin\/magento setup:upgrade"} [] []
[2024-09-04T11:35:24.567853+00:00] main.INFO: {"feed":"salesOrders","operation":"full reindex(legacy)","status":"Creating batch table `sales_data_exporter_orders_index_batches`. Start position: 0","elapsed":"650 ms","pid":"7964","caller":"bin\/magento setup:upgrade"} [] []
[2024-09-04T11:35:24.628574+00:00] main.INFO: {"feed":"salesOrders","operation":"full reindex(legacy)","status":"Batch table `sales_data_exporter_orders_index_batches` created. Total Items: 2, batches: ~0","elapsed":"710 ms","pid":"7964","caller":"bin\/magento setup:upgrade"} [] []
[2024-09-04T11:35:24.629203+00:00] main.INFO: {"feed":"salesOrders","operation":"full reindex(legacy)","status":"start processing `2` items in `1` threads with `100` batch size","elapsed":"711 ms","pid":"7964","caller":"bin\/magento setup:upgrade"} [] []
[2024-09-04T11:35:24.787520+00:00] main.INFO: {"feed":"salesOrders","operation":"full reindex(legacy)","status":"Progress 1\/1, processed 2, synced 0","elapsed":"869 ms","pid":"7964","caller":"bin\/magento setup:upgrade"} [] []
[2024-09-04T11:35:24.793803+00:00] main.INFO: {"feed":"salesOrders","operation":"full reindex(legacy)","status":"Complete","elapsed":"876 ms","pid":"7964","caller":"bin\/magento setup:upgrade"} [] []
[2024-09-04T11:35:24.832476+00:00] main.INFO: {"feed":"salesOrderStatuses","operation":"full reindex(legacy)","status":"Initialize","elapsed":"00:00:00 408 ms","pid":"7964","caller":"bin\/magento setup:upgrade"} [] []
[2024-09-04T11:35:24.971761+00:00] main.INFO: {"feed":"salesOrderStatuses","operation":"full reindex(legacy)","status":"Creating batch table `sales_data_exporter_order_statuses_index_batches`. Start position: ","elapsed":"00:00:00 548 ms","pid":"7964","caller":"bin\/magento setup:upgrade"} [] []
[2024-09-04T11:35:25.041823+00:00] main.INFO: {"feed":"salesOrderStatuses","operation":"full reindex(legacy)","status":"Batch table `sales_data_exporter_order_statuses_index_batches` created. Total Items: 12, batches: ~0","elapsed":"00:00:00 618 ms","pid":"7964","caller":"bin\/magento setup:upgrade"} [] []
[2024-09-04T11:35:25.042679+00:00] main.INFO: {"feed":"salesOrderStatuses","operation":"full reindex(legacy)","status":"start processing `12` items in `1` threads with `100` batch size","elapsed":"00:00:00 619 ms","pid":"7964","caller":"bin\/magento setup:upgrade"} [] []
[2024-09-04T11:35:25.104913+00:00] main.INFO: {"feed":"salesOrderStatuses","operation":"full reindex(legacy)","status":"Progress 1\/1, processed 12, synced 12","elapsed":"00:00:00 681 ms","pid":"7964","caller":"bin\/magento setup:upgrade"} [] []
[2024-09-04T11:35:25.114847+00:00] main.INFO: {"feed":"salesOrderStatuses","operation":"full reindex(legacy)","status":"Complete","elapsed":"00:00:00 691 ms","pid":"7964","caller":"bin\/magento setup:upgrade"} [] []
[2024-09-04T11:35:25.143508+00:00] main.INFO: {"feed":"stores","operation":"full reindex(legacy)","status":"Initialize","elapsed":"30 ms","pid":"7964","caller":"bin\/magento setup:upgrade"} [] []
[2024-09-04T11:35:25.324283+00:00] main.INFO: {"feed":"stores","operation":"full reindex(legacy)","status":"Creating batch table `stores_data_exporter_index_batches`. Start position: 0","elapsed":"211 ms","pid":"7964","caller":"bin\/magento setup:upgrade"} [] []
[2024-09-04T11:35:25.384683+00:00] main.INFO: {"feed":"stores","operation":"full reindex(legacy)","status":"Batch table `stores_data_exporter_index_batches` created. Total Items: 1, batches: ~0","elapsed":"271 ms","pid":"7964","caller":"bin\/magento setup:upgrade"} [] []
[2024-09-04T11:35:25.385443+00:00] main.INFO: {"feed":"stores","operation":"full reindex(legacy)","status":"start processing `1` items in `1` threads with `100` batch size","elapsed":"272 ms","pid":"7964","caller":"bin\/magento setup:upgrade"} [] []
[2024-09-04T11:35:25.442114+00:00] main.INFO: {"feed":"stores","operation":"full reindex(legacy)","status":"Progress 1\/1, processed 1, synced 1","elapsed":"329 ms","pid":"7964","caller":"bin\/magento setup:upgrade"} [] []
[2024-09-04T11:35:25.447801+00:00] main.INFO: {"feed":"stores","operation":"full reindex(legacy)","status":"Complete","elapsed":"335 ms","pid":"7964","caller":"bin\/magento setup:upgrade"} [] []
[2024-09-04T11:46:40.561505+00:00] main.INFO: {"feed":"salesOrders","operation":"full reindex(legacy)","status":"Initialize","elapsed":"866 ms","pid":"6932","caller":"bin\/magento index:reindex"} [] []
[2024-09-04T11:46:40.817521+00:00] main.INFO: {"feed":"salesOrders","operation":"full reindex(legacy)","status":"Creating batch table `sales_data_exporter_orders_index_batches`. Start position: 0","elapsed":"00:00:00 122 ms","pid":"6932","caller":"bin\/magento index:reindex"} [] []
[2024-09-04T11:46:40.886381+00:00] main.INFO: {"feed":"salesOrders","operation":"full reindex(legacy)","status":"Batch table `sales_data_exporter_orders_index_batches` created. Total Items: 2, batches: ~0","elapsed":"00:00:00 191 ms","pid":"6932","caller":"bin\/magento index:reindex"} [] []
[2024-09-04T11:46:40.886797+00:00] main.INFO: {"feed":"salesOrders","operation":"full reindex(legacy)","status":"start processing `2` items in `1` threads with `100` batch size","elapsed":"00:00:00 192 ms","pid":"6932","caller":"bin\/magento index:reindex"} [] []
[2024-09-04T11:46:41.383974+00:00] main.INFO: {"feed":"salesOrders","operation":"full reindex(legacy)","status":"Progress 1\/1, processed 2, synced 0","elapsed":"00:00:01 689 ms","pid":"6932","caller":"bin\/magento index:reindex"} [] []
[2024-09-04T11:46:41.408965+00:00] main.INFO: {"feed":"salesOrders","operation":"full reindex(legacy)","status":"Complete","elapsed":"00:00:01 714 ms","pid":"6932","caller":"bin\/magento index:reindex"} [] []
[2024-09-04T11:46:41.490525+00:00] main.INFO: {"feed":"salesOrderStatuses","operation":"full reindex(legacy)","status":"Initialize","elapsed":"724 ms","pid":"6932","caller":"bin\/magento index:reindex"} [] []
[2024-09-04T11:46:41.679845+00:00] main.INFO: {"feed":"salesOrderStatuses","operation":"full reindex(legacy)","status":"Creating batch table `sales_data_exporter_order_statuses_index_batches`. Start position: ","elapsed":"914 ms","pid":"6932","caller":"bin\/magento index:reindex"} [] []
[2024-09-04T11:46:41.773018+00:00] main.INFO: {"feed":"salesOrderStatuses","operation":"full reindex(legacy)","status":"Batch table `sales_data_exporter_order_statuses_index_batches` created. Total Items: 12, batches: ~0","elapsed":"00:00:00 7 ms","pid":"6932","caller":"bin\/magento index:reindex"} [] []
[2024-09-04T11:46:41.773461+00:00] main.INFO: {"feed":"salesOrderStatuses","operation":"full reindex(legacy)","status":"start processing `12` items in `1` threads with `100` batch size","elapsed":"00:00:00 7 ms","pid":"6932","caller":"bin\/magento index:reindex"} [] []
[2024-09-04T11:46:41.828316+00:00] main.INFO: {"feed":"salesOrderStatuses","operation":"full reindex(legacy)","status":"Progress 1\/1, processed 12, synced 12","elapsed":"00:00:00 62 ms","pid":"6932","caller":"bin\/magento index:reindex"} [] []
[2024-09-04T11:46:41.838845+00:00] main.INFO: {"feed":"salesOrderStatuses","operation":"full reindex(legacy)","status":"Complete","elapsed":"00:00:00 73 ms","pid":"6932","caller":"bin\/magento index:reindex"} [] []
[2024-09-04T11:46:41.867398+00:00] main.INFO: {"feed":"stores","operation":"full reindex(legacy)","status":"Initialize","elapsed":"00:00:00 478 ms","pid":"6932","caller":"bin\/magento index:reindex"} [] []
[2024-09-04T11:46:42.014988+00:00] main.INFO: {"feed":"stores","operation":"full reindex(legacy)","status":"Creating batch table `stores_data_exporter_index_batches`. Start position: 0","elapsed":"00:00:00 626 ms","pid":"6932","caller":"bin\/magento index:reindex"} [] []
[2024-09-04T11:46:42.121276+00:00] main.INFO: {"feed":"stores","operation":"full reindex(legacy)","status":"Batch table `stores_data_exporter_index_batches` created. Total Items: 1, batches: ~0","elapsed":"00:00:00 732 ms","pid":"6932","caller":"bin\/magento index:reindex"} [] []
[2024-09-04T11:46:42.121669+00:00] main.INFO: {"feed":"stores","operation":"full reindex(legacy)","status":"start processing `1` items in `1` threads with `100` batch size","elapsed":"00:00:00 732 ms","pid":"6932","caller":"bin\/magento index:reindex"} [] []
[2024-09-04T11:46:42.176064+00:00] main.INFO: {"feed":"stores","operation":"full reindex(legacy)","status":"Progress 1\/1, processed 1, synced 1","elapsed":"00:00:01 787 ms","pid":"6932","caller":"bin\/magento index:reindex"} [] []
[2024-09-04T11:46:42.184705+00:00] main.INFO: {"feed":"stores","operation":"full reindex(legacy)","status":"Complete","elapsed":"00:00:01 795 ms","pid":"6932","caller":"bin\/magento index:reindex"} [] []
[2024-09-04T12:27:06.386375+00:00] main.INFO: {"feed":"salesOrders","operation":"full reindex(legacy)","status":"Initialize","elapsed":"516 ms","pid":"17720","caller":"bin\/magento index:reindex"} [] []
[2024-09-04T12:27:06.579428+00:00] main.INFO: {"feed":"salesOrders","operation":"full reindex(legacy)","status":"Creating batch table `sales_data_exporter_orders_index_batches`. Start position: 0","elapsed":"709 ms","pid":"17720","caller":"bin\/magento index:reindex"} [] []
[2024-09-04T12:27:06.645211+00:00] main.INFO: {"feed":"salesOrders","operation":"full reindex(legacy)","status":"Batch table `sales_data_exporter_orders_index_batches` created. Total Items: 2, batches: ~0","elapsed":"775 ms","pid":"17720","caller":"bin\/magento index:reindex"} [] []
[2024-09-04T12:27:06.645614+00:00] main.INFO: {"feed":"salesOrders","operation":"full reindex(legacy)","status":"start processing `2` items in `1` threads with `100` batch size","elapsed":"775 ms","pid":"17720","caller":"bin\/magento index:reindex"} [] []
[2024-09-04T12:27:06.715050+00:00] main.INFO: {"feed":"salesOrders","operation":"full reindex(legacy)","status":"Progress 1\/1, processed 2, synced 0","elapsed":"845 ms","pid":"17720","caller":"bin\/magento index:reindex"} [] []
[2024-09-04T12:27:06.720904+00:00] main.INFO: {"feed":"salesOrders","operation":"full reindex(legacy)","status":"Complete","elapsed":"851 ms","pid":"17720","caller":"bin\/magento index:reindex"} [] []
[2024-09-04T12:27:06.767514+00:00] main.INFO: {"feed":"salesOrderStatuses","operation":"full reindex(legacy)","status":"Initialize","elapsed":"00:00:00 278 ms","pid":"17720","caller":"bin\/magento index:reindex"} [] []
[2024-09-04T12:27:06.921204+00:00] main.INFO: {"feed":"salesOrderStatuses","operation":"full reindex(legacy)","status":"Creating batch table `sales_data_exporter_order_statuses_index_batches`. Start position: ","elapsed":"00:00:00 432 ms","pid":"17720","caller":"bin\/magento index:reindex"} [] []
[2024-09-04T12:27:06.990369+00:00] main.INFO: {"feed":"salesOrderStatuses","operation":"full reindex(legacy)","status":"Batch table `sales_data_exporter_order_statuses_index_batches` created. Total Items: 12, batches: ~0","elapsed":"00:00:00 501 ms","pid":"17720","caller":"bin\/magento index:reindex"} [] []
[2024-09-04T12:27:06.990786+00:00] main.INFO: {"feed":"salesOrderStatuses","operation":"full reindex(legacy)","status":"start processing `12` items in `1` threads with `100` batch size","elapsed":"00:00:00 502 ms","pid":"17720","caller":"bin\/magento index:reindex"} [] []
[2024-09-04T12:27:07.033411+00:00] main.INFO: {"feed":"salesOrderStatuses","operation":"full reindex(legacy)","status":"Progress 1\/1, processed 12, synced 12","elapsed":"00:00:00 544 ms","pid":"17720","caller":"bin\/magento index:reindex"} [] []
[2024-09-04T12:27:07.039615+00:00] main.INFO: {"feed":"salesOrderStatuses","operation":"full reindex(legacy)","status":"Complete","elapsed":"00:00:00 550 ms","pid":"17720","caller":"bin\/magento index:reindex"} [] []
[2024-09-04T12:27:07.147405+00:00] main.INFO: {"feed":"stores","operation":"full reindex(legacy)","status":"Initialize","elapsed":"38 ms","pid":"17720","caller":"bin\/magento index:reindex"} [] []
[2024-09-04T12:27:07.287097+00:00] main.INFO: {"feed":"stores","operation":"full reindex(legacy)","status":"Creating batch table `stores_data_exporter_index_batches`. Start position: 0","elapsed":"178 ms","pid":"17720","caller":"bin\/magento index:reindex"} [] []
[2024-09-04T12:27:07.342918+00:00] main.INFO: {"feed":"stores","operation":"full reindex(legacy)","status":"Batch table `stores_data_exporter_index_batches` created. Total Items: 1, batches: ~0","elapsed":"234 ms","pid":"17720","caller":"bin\/magento index:reindex"} [] []
[2024-09-04T12:27:07.343314+00:00] main.INFO: {"feed":"stores","operation":"full reindex(legacy)","status":"start processing `1` items in `1` threads with `100` batch size","elapsed":"234 ms","pid":"17720","caller":"bin\/magento index:reindex"} [] []
[2024-09-04T12:27:07.384545+00:00] main.INFO: {"feed":"stores","operation":"full reindex(legacy)","status":"Progress 1\/1, processed 1, synced 1","elapsed":"275 ms","pid":"17720","caller":"bin\/magento index:reindex"} [] []
[2024-09-04T12:27:07.390618+00:00] main.INFO: {"feed":"stores","operation":"full reindex(legacy)","status":"Complete","elapsed":"281 ms","pid":"17720","caller":"bin\/magento index:reindex"} [] []
[2024-09-04T12:32:59.195774+00:00] main.INFO: {"feed":"salesOrders","operation":"full reindex(legacy)","status":"Initialize","elapsed":"135 ms","pid":"14012","caller":"bin\/magento setup:upgrade"} [] []
[2024-09-04T12:32:59.398739+00:00] main.INFO: {"feed":"salesOrders","operation":"full reindex(legacy)","status":"Creating batch table `sales_data_exporter_orders_index_batches`. Start position: 0","elapsed":"338 ms","pid":"14012","caller":"bin\/magento setup:upgrade"} [] []
[2024-09-04T12:32:59.460927+00:00] main.INFO: {"feed":"salesOrders","operation":"full reindex(legacy)","status":"Batch table `sales_data_exporter_orders_index_batches` created. Total Items: 2, batches: ~0","elapsed":"400 ms","pid":"14012","caller":"bin\/magento setup:upgrade"} [] []
[2024-09-04T12:32:59.461702+00:00] main.INFO: {"feed":"salesOrders","operation":"full reindex(legacy)","status":"start processing `2` items in `1` threads with `100` batch size","elapsed":"401 ms","pid":"14012","caller":"bin\/magento setup:upgrade"} [] []
[2024-09-04T12:32:59.599977+00:00] main.INFO: {"feed":"salesOrders","operation":"full reindex(legacy)","status":"Progress 1\/1, processed 2, synced 0","elapsed":"539 ms","pid":"14012","caller":"bin\/magento setup:upgrade"} [] []
[2024-09-04T12:32:59.613123+00:00] main.INFO: {"feed":"salesOrders","operation":"full reindex(legacy)","status":"Complete","elapsed":"552 ms","pid":"14012","caller":"bin\/magento setup:upgrade"} [] []
[2024-09-04T12:32:59.656060+00:00] main.INFO: {"feed":"salesOrderStatuses","operation":"full reindex(legacy)","status":"Initialize","elapsed":"00:00:00 55 ms","pid":"14012","caller":"bin\/magento setup:upgrade"} [] []
[2024-09-04T12:32:59.788914+00:00] main.INFO: {"feed":"salesOrderStatuses","operation":"full reindex(legacy)","status":"Creating batch table `sales_data_exporter_order_statuses_index_batches`. Start position: ","elapsed":"00:00:00 188 ms","pid":"14012","caller":"bin\/magento setup:upgrade"} [] []
[2024-09-04T12:32:59.846389+00:00] main.INFO: {"feed":"salesOrderStatuses","operation":"full reindex(legacy)","status":"Batch table `sales_data_exporter_order_statuses_index_batches` created. Total Items: 12, batches: ~0","elapsed":"00:00:00 246 ms","pid":"14012","caller":"bin\/magento setup:upgrade"} [] []
[2024-09-04T12:32:59.847009+00:00] main.INFO: {"feed":"salesOrderStatuses","operation":"full reindex(legacy)","status":"start processing `12` items in `1` threads with `100` batch size","elapsed":"00:00:00 246 ms","pid":"14012","caller":"bin\/magento setup:upgrade"} [] []
[2024-09-04T12:32:59.899864+00:00] main.INFO: {"feed":"salesOrderStatuses","operation":"full reindex(legacy)","status":"Progress 1\/1, processed 12, synced 12","elapsed":"00:00:00 299 ms","pid":"14012","caller":"bin\/magento setup:upgrade"} [] []
[2024-09-04T12:32:59.909892+00:00] main.INFO: {"feed":"salesOrderStatuses","operation":"full reindex(legacy)","status":"Complete","elapsed":"00:00:00 309 ms","pid":"14012","caller":"bin\/magento setup:upgrade"} [] []
[2024-09-04T12:32:59.934724+00:00] main.INFO: {"feed":"stores","operation":"full reindex(legacy)","status":"Initialize","elapsed":"00:00:00 613 ms","pid":"14012","caller":"bin\/magento setup:upgrade"} [] []
[2024-09-04T12:33:00.066430+00:00] main.INFO: {"feed":"stores","operation":"full reindex(legacy)","status":"Creating batch table `stores_data_exporter_index_batches`. Start position: 0","elapsed":"00:00:00 744 ms","pid":"14012","caller":"bin\/magento setup:upgrade"} [] []
[2024-09-04T12:33:00.118889+00:00] main.INFO: {"feed":"stores","operation":"full reindex(legacy)","status":"Batch table `stores_data_exporter_index_batches` created. Total Items: 1, batches: ~0","elapsed":"00:00:00 797 ms","pid":"14012","caller":"bin\/magento setup:upgrade"} [] []
[2024-09-04T12:33:00.119554+00:00] main.INFO: {"feed":"stores","operation":"full reindex(legacy)","status":"start processing `1` items in `1` threads with `100` batch size","elapsed":"00:00:00 798 ms","pid":"14012","caller":"bin\/magento setup:upgrade"} [] []
[2024-09-04T12:33:00.171309+00:00] main.INFO: {"feed":"stores","operation":"full reindex(legacy)","status":"Progress 1\/1, processed 1, synced 1","elapsed":"00:00:01 849 ms","pid":"14012","caller":"bin\/magento setup:upgrade"} [] []
[2024-09-04T12:33:00.183431+00:00] main.INFO: {"feed":"stores","operation":"full reindex(legacy)","status":"Complete","elapsed":"00:00:01 861 ms","pid":"14012","caller":"bin\/magento setup:upgrade"} [] []
[2024-09-04T12:44:57.999664+00:00] main.INFO: {"feed":"salesOrders","operation":"full reindex(legacy)","status":"Initialize","elapsed":"00:00:00 743 ms","pid":"20752","caller":"bin\/magento setup:upgrade"} [] []
[2024-09-04T12:44:58.183242+00:00] main.INFO: {"feed":"salesOrders","operation":"full reindex(legacy)","status":"Creating batch table `sales_data_exporter_orders_index_batches`. Start position: 0","elapsed":"00:00:01 926 ms","pid":"20752","caller":"bin\/magento setup:upgrade"} [] []
[2024-09-04T12:44:58.250511+00:00] main.INFO: {"feed":"salesOrders","operation":"full reindex(legacy)","status":"Batch table `sales_data_exporter_orders_index_batches` created. Total Items: 2, batches: ~0","elapsed":"00:00:01 993 ms","pid":"20752","caller":"bin\/magento setup:upgrade"} [] []
[2024-09-04T12:44:58.250927+00:00] main.INFO: {"feed":"salesOrders","operation":"full reindex(legacy)","status":"start processing `2` items in `1` threads with `100` batch size","elapsed":"00:00:01 994 ms","pid":"20752","caller":"bin\/magento setup:upgrade"} [] []
[2024-09-04T12:44:58.343876+00:00] main.INFO: {"feed":"salesOrders","operation":"full reindex(legacy)","status":"Progress 1\/1, processed 2, synced 0","elapsed":"00:00:01 87 ms","pid":"20752","caller":"bin\/magento setup:upgrade"} [] []
[2024-09-04T12:44:58.349435+00:00] main.INFO: {"feed":"salesOrders","operation":"full reindex(legacy)","status":"Complete","elapsed":"00:00:01 92 ms","pid":"20752","caller":"bin\/magento setup:upgrade"} [] []
[2024-09-04T12:44:58.387119+00:00] main.INFO: {"feed":"salesOrderStatuses","operation":"full reindex(legacy)","status":"Initialize","elapsed":"518 ms","pid":"20752","caller":"bin\/magento setup:upgrade"} [] []
[2024-09-04T12:44:58.503139+00:00] main.INFO: {"feed":"salesOrderStatuses","operation":"full reindex(legacy)","status":"Creating batch table `sales_data_exporter_order_statuses_index_batches`. Start position: ","elapsed":"634 ms","pid":"20752","caller":"bin\/magento setup:upgrade"} [] []
[2024-09-04T12:44:58.576796+00:00] main.INFO: {"feed":"salesOrderStatuses","operation":"full reindex(legacy)","status":"Batch table `sales_data_exporter_order_statuses_index_batches` created. Total Items: 12, batches: ~0","elapsed":"707 ms","pid":"20752","caller":"bin\/magento setup:upgrade"} [] []
[2024-09-04T12:44:58.577265+00:00] main.INFO: {"feed":"salesOrderStatuses","operation":"full reindex(legacy)","status":"start processing `12` items in `1` threads with `100` batch size","elapsed":"708 ms","pid":"20752","caller":"bin\/magento setup:upgrade"} [] []
[2024-09-04T12:44:58.636079+00:00] main.INFO: {"feed":"salesOrderStatuses","operation":"full reindex(legacy)","status":"Progress 1\/1, processed 12, synced 12","elapsed":"767 ms","pid":"20752","caller":"bin\/magento setup:upgrade"} [] []
[2024-09-04T12:44:58.719720+00:00] main.INFO: {"feed":"salesOrderStatuses","operation":"full reindex(legacy)","status":"Complete","elapsed":"850 ms","pid":"20752","caller":"bin\/magento setup:upgrade"} [] []
[2024-09-04T12:44:58.765068+00:00] main.INFO: {"feed":"stores","operation":"full reindex(legacy)","status":"Initialize","elapsed":"00:00:00 274 ms","pid":"20752","caller":"bin\/magento setup:upgrade"} [] []
[2024-09-04T12:44:58.959428+00:00] main.INFO: {"feed":"stores","operation":"full reindex(legacy)","status":"Creating batch table `stores_data_exporter_index_batches`. Start position: 0","elapsed":"00:00:00 468 ms","pid":"20752","caller":"bin\/magento setup:upgrade"} [] []
[2024-09-04T12:44:59.043662+00:00] main.INFO: {"feed":"stores","operation":"full reindex(legacy)","status":"Batch table `stores_data_exporter_index_batches` created. Total Items: 1, batches: ~0","elapsed":"00:00:00 552 ms","pid":"20752","caller":"bin\/magento setup:upgrade"} [] []
[2024-09-04T12:44:59.044041+00:00] main.INFO: {"feed":"stores","operation":"full reindex(legacy)","status":"start processing `1` items in `1` threads with `100` batch size","elapsed":"00:00:00 552 ms","pid":"20752","caller":"bin\/magento setup:upgrade"} [] []
[2024-09-04T12:44:59.104897+00:00] main.INFO: {"feed":"stores","operation":"full reindex(legacy)","status":"Progress 1\/1, processed 1, synced 1","elapsed":"00:00:00 613 ms","pid":"20752","caller":"bin\/magento setup:upgrade"} [] []
[2024-09-04T12:44:59.123383+00:00] main.INFO: {"feed":"stores","operation":"full reindex(legacy)","status":"Complete","elapsed":"00:00:00 632 ms","pid":"20752","caller":"bin\/magento setup:upgrade"} [] []
[2024-09-04T12:46:06.998791+00:00] main.INFO: {"feed":"salesOrders","operation":"full reindex(legacy)","status":"Initialize","elapsed":"00:00:00 741 ms","pid":"8432","caller":"bin\/magento indexer:reindex"} [] []
[2024-09-04T12:46:07.134485+00:00] main.INFO: {"feed":"salesOrders","operation":"full reindex(legacy)","status":"Creating batch table `sales_data_exporter_orders_index_batches`. Start position: 0","elapsed":"00:00:01 877 ms","pid":"8432","caller":"bin\/magento indexer:reindex"} [] []
[2024-09-04T12:46:07.192408+00:00] main.INFO: {"feed":"salesOrders","operation":"full reindex(legacy)","status":"Batch table `sales_data_exporter_orders_index_batches` created. Total Items: 2, batches: ~0","elapsed":"00:00:01 935 ms","pid":"8432","caller":"bin\/magento indexer:reindex"} [] []
[2024-09-04T12:46:07.193204+00:00] main.INFO: {"feed":"salesOrders","operation":"full reindex(legacy)","status":"start processing `2` items in `1` threads with `100` batch size","elapsed":"00:00:01 935 ms","pid":"8432","caller":"bin\/magento indexer:reindex"} [] []
[2024-09-04T12:46:07.226050+00:00] main.INFO: {"feed":"salesOrders","operation":"full reindex(legacy)","status":"Progress 1\/1, processed 2, synced 0","elapsed":"00:00:01 968 ms","pid":"8432","caller":"bin\/magento indexer:reindex"} [] []
[2024-09-04T12:46:07.239707+00:00] main.INFO: {"feed":"salesOrders","operation":"full reindex(legacy)","status":"Complete","elapsed":"00:00:01 982 ms","pid":"8432","caller":"bin\/magento indexer:reindex"} [] []
[2024-09-04T12:46:07.264786+00:00] main.INFO: {"feed":"salesOrderStatuses","operation":"full reindex(legacy)","status":"Initialize","elapsed":"273 ms","pid":"8432","caller":"bin\/magento indexer:reindex"} [] []
[2024-09-04T12:46:07.383266+00:00] main.INFO: {"feed":"salesOrderStatuses","operation":"full reindex(legacy)","status":"Creating batch table `sales_data_exporter_order_statuses_index_batches`. Start position: ","elapsed":"391 ms","pid":"8432","caller":"bin\/magento indexer:reindex"} [] []
[2024-09-04T12:46:07.453164+00:00] main.INFO: {"feed":"salesOrderStatuses","operation":"full reindex(legacy)","status":"Batch table `sales_data_exporter_order_statuses_index_batches` created. Total Items: 12, batches: ~0","elapsed":"461 ms","pid":"8432","caller":"bin\/magento indexer:reindex"} [] []
[2024-09-04T12:46:07.453588+00:00] main.INFO: {"feed":"salesOrderStatuses","operation":"full reindex(legacy)","status":"start processing `12` items in `1` threads with `100` batch size","elapsed":"462 ms","pid":"8432","caller":"bin\/magento indexer:reindex"} [] []
[2024-09-04T12:46:07.483959+00:00] main.INFO: {"feed":"salesOrderStatuses","operation":"full reindex(legacy)","status":"Progress 1\/1, processed 12, synced 12","elapsed":"492 ms","pid":"8432","caller":"bin\/magento indexer:reindex"} [] []
[2024-09-04T12:46:07.491154+00:00] main.INFO: {"feed":"salesOrderStatuses","operation":"full reindex(legacy)","status":"Complete","elapsed":"499 ms","pid":"8432","caller":"bin\/magento indexer:reindex"} [] []
[2024-09-04T12:46:07.535423+00:00] main.INFO: {"feed":"stores","operation":"full reindex(legacy)","status":"Initialize","elapsed":"814 ms","pid":"8432","caller":"bin\/magento indexer:reindex"} [] []
[2024-09-04T12:46:07.651241+00:00] main.INFO: {"feed":"stores","operation":"full reindex(legacy)","status":"Creating batch table `stores_data_exporter_index_batches`. Start position: 0","elapsed":"930 ms","pid":"8432","caller":"bin\/magento indexer:reindex"} [] []
[2024-09-04T12:46:07.706609+00:00] main.INFO: {"feed":"stores","operation":"full reindex(legacy)","status":"Batch table `stores_data_exporter_index_batches` created. Total Items: 1, batches: ~0","elapsed":"985 ms","pid":"8432","caller":"bin\/magento indexer:reindex"} [] []
[2024-09-04T12:46:07.707149+00:00] main.INFO: {"feed":"stores","operation":"full reindex(legacy)","status":"start processing `1` items in `1` threads with `100` batch size","elapsed":"986 ms","pid":"8432","caller":"bin\/magento indexer:reindex"} [] []
[2024-09-04T12:46:07.723974+00:00] main.INFO: {"feed":"stores","operation":"full reindex(legacy)","status":"Progress 1\/1, processed 1, synced 1","elapsed":"00:00:00 3 ms","pid":"8432","caller":"bin\/magento indexer:reindex"} [] []
[2024-09-04T12:46:07.730215+00:00] main.INFO: {"feed":"stores","operation":"full reindex(legacy)","status":"Complete","elapsed":"00:00:00 9 ms","pid":"8432","caller":"bin\/magento indexer:reindex"} [] []
[2024-09-09T17:26:58.730201+00:00] main.INFO: {"feed":"salesOrders","operation":"full reindex(legacy)","status":"Initialize","elapsed":"789 ms","pid":"3908","caller":"bin\/magento setup:upgrade"} [] []
[2024-09-09T17:26:59.056749+00:00] main.INFO: {"feed":"salesOrders","operation":"full reindex(legacy)","status":"Creating batch table `sales_data_exporter_orders_index_batches`. Start position: 0","elapsed":"00:00:00 116 ms","pid":"3908","caller":"bin\/magento setup:upgrade"} [] []
[2024-09-09T17:26:59.162459+00:00] main.INFO: {"feed":"salesOrders","operation":"full reindex(legacy)","status":"Batch table `sales_data_exporter_orders_index_batches` created. Total Items: 3, batches: ~0","elapsed":"00:00:00 221 ms","pid":"3908","caller":"bin\/magento setup:upgrade"} [] []
[2024-09-09T17:26:59.163107+00:00] main.INFO: {"feed":"salesOrders","operation":"full reindex(legacy)","status":"start processing `3` items in `1` threads with `100` batch size","elapsed":"00:00:00 222 ms","pid":"3908","caller":"bin\/magento setup:upgrade"} [] []
[2024-09-09T17:26:59.429386+00:00] main.INFO: {"feed":"salesOrders","operation":"full reindex(legacy)","status":"Progress 1\/1, processed 3, synced 0","elapsed":"00:00:01 488 ms","pid":"3908","caller":"bin\/magento setup:upgrade"} [] []
[2024-09-09T17:26:59.434805+00:00] main.INFO: {"feed":"salesOrders","operation":"full reindex(legacy)","status":"Complete","elapsed":"00:00:01 494 ms","pid":"3908","caller":"bin\/magento setup:upgrade"} [] []
[2024-09-09T17:26:59.474751+00:00] main.INFO: {"feed":"salesOrderStatuses","operation":"full reindex(legacy)","status":"Initialize","elapsed":"278 ms","pid":"3908","caller":"bin\/magento setup:upgrade"} [] []
[2024-09-09T17:26:59.595422+00:00] main.INFO: {"feed":"salesOrderStatuses","operation":"full reindex(legacy)","status":"Creating batch table `sales_data_exporter_order_statuses_index_batches`. Start position: ","elapsed":"399 ms","pid":"3908","caller":"bin\/magento setup:upgrade"} [] []
[2024-09-09T17:26:59.834413+00:00] main.INFO: {"feed":"salesOrderStatuses","operation":"full reindex(legacy)","status":"Batch table `sales_data_exporter_order_statuses_index_batches` created. Total Items: 12, batches: ~0","elapsed":"638 ms","pid":"3908","caller":"bin\/magento setup:upgrade"} [] []
[2024-09-09T17:26:59.835418+00:00] main.INFO: {"feed":"salesOrderStatuses","operation":"full reindex(legacy)","status":"start processing `12` items in `1` threads with `100` batch size","elapsed":"639 ms","pid":"3908","caller":"bin\/magento setup:upgrade"} [] []
[2024-09-09T17:26:59.973197+00:00] main.INFO: {"feed":"salesOrderStatuses","operation":"full reindex(legacy)","status":"Progress 1\/1, processed 12, synced 12","elapsed":"777 ms","pid":"3908","caller":"bin\/magento setup:upgrade"} [] []
[2024-09-09T17:26:59.996448+00:00] main.INFO: {"feed":"salesOrderStatuses","operation":"full reindex(legacy)","status":"Complete","elapsed":"800 ms","pid":"3908","caller":"bin\/magento setup:upgrade"} [] []
[2024-09-09T17:27:00.053176+00:00] main.INFO: {"feed":"stores","operation":"full reindex(legacy)","status":"Initialize","elapsed":"00:00:00 435 ms","pid":"3908","caller":"bin\/magento setup:upgrade"} [] []
[2024-09-09T17:27:00.253266+00:00] main.INFO: {"feed":"stores","operation":"full reindex(legacy)","status":"Creating batch table `stores_data_exporter_index_batches`. Start position: 0","elapsed":"00:00:00 635 ms","pid":"3908","caller":"bin\/magento setup:upgrade"} [] []
[2024-09-09T17:27:00.323278+00:00] main.INFO: {"feed":"stores","operation":"full reindex(legacy)","status":"Batch table `stores_data_exporter_index_batches` created. Total Items: 1, batches: ~0","elapsed":"00:00:00 705 ms","pid":"3908","caller":"bin\/magento setup:upgrade"} [] []
[2024-09-09T17:27:00.324001+00:00] main.INFO: {"feed":"stores","operation":"full reindex(legacy)","status":"start processing `1` items in `1` threads with `100` batch size","elapsed":"00:00:00 706 ms","pid":"3908","caller":"bin\/magento setup:upgrade"} [] []
[2024-09-09T17:27:00.390817+00:00] main.INFO: {"feed":"stores","operation":"full reindex(legacy)","status":"Progress 1\/1, processed 1, synced 1","elapsed":"00:00:01 773 ms","pid":"3908","caller":"bin\/magento setup:upgrade"} [] []
[2024-09-09T17:27:00.396430+00:00] main.INFO: {"feed":"stores","operation":"full reindex(legacy)","status":"Complete","elapsed":"00:00:01 778 ms","pid":"3908","caller":"bin\/magento setup:upgrade"} [] []
